Using pre-set license
Built from '2020.3/release' branch; Version is '2020.3.1f1 (77a89f25062f) revision 7841951'; Using compiler version '192528614'; Build Type 'Release'
OS: 'Windows 10 Pro; OS build 19041.867; Version 2004; 64bit' Language: 'pt' Physical Memory: 8147 MB
BatchMode: 1, IsHumanControllingUs: 0, StartBugReporterOnCrash: 0, Is64bit: 1, IsPro: 0

 COMMAND LINE ARGUMENTS:
D:\Program Files\Unity Hub\Editor\2020.3.1f1\Editor\Unity.exe
-adb2
-batchMode
-noUpm
-name
AssetImportWorker0
-projectPath
D:/Github/3D_Project_Ocean_Samsung/Ocean_Samsung_3D
-logFile
Logs/AssetImportWorker0.log
-srvPort
55018
Successfully changed project path to: D:/Github/3D_Project_Ocean_Samsung/Ocean_Samsung_3D
D:/Github/3D_Project_Ocean_Samsung/Ocean_Samsung_3D
Using Asset Import Pipeline V2.
Refreshing native plugins compatible for Editor in 39.12 ms, found 0 plugins.
Preloading 0 native plugins for Editor in 0.00 ms.
Initialize engine version: 2020.3.1f1 (77a89f25062f)
[Subsystems] Discovering subsystems at path D:/Program Files/Unity Hub/Editor/2020.3.1f1/Editor/Data/Resources/UnitySubsystems
[Subsystems] Discovering subsystems at path D:/Github/3D_Project_Ocean_Samsung/Ocean_Samsung_3D/Assets
GfxDevice: creating device client; threaded=0
Direct3D:
    Version:  Direct3D 11.0 [level 11.0]
    Renderer: NVIDIA GeForce GTX 550 Ti (ID=0x1244)
    Vendor:   
    VRAM:     959 MB
    Driver:   23.21.13.9135
Initialize mono
Mono path[0] = 'D:/Program Files/Unity Hub/Editor/2020.3.1f1/Editor/Data/Managed'
Mono path[1] = 'D:/Program Files/Unity Hub/Editor/2020.3.1f1/Editor/Data/MonoBleedingEdge/lib/mono/unityjit'
Mono config path = 'D:/Program Files/Unity Hub/Editor/2020.3.1f1/Editor/Data/MonoBleedingEdge/etc'
Using monoOptions --debugger-agent=transport=dt_socket,embedding=1,server=y,suspend=n,address=127.0.0.1:56312
Begin MonoManager ReloadAssembly
Registering precompiled unity dll's ...
Register platform support module: D:/Program Files/Unity Hub/Editor/2020.3.1f1/Editor/Data/PlaybackEngines/WindowsStandaloneSupport/UnityEditor.WindowsStandalone.Extensions.dll
Registered in 0.001464 seconds.
Native extension for WindowsStandalone target not found
Refreshing native plugins compatible for Editor in 35.68 ms, found 0 plugins.
Preloading 0 native plugins for Editor in 0.00 ms.
Invoked RoslynAnalysisRunner static constructor.
RoslynAnalysisRunner will not be running.
RoslynAnalysisRunner has terminated.
Mono: successfully reloaded assembly
- Completed reload, in  2.164 seconds
Platform modules already initialized, skipping
Registering precompiled user dll's ...
Registered in 0.000650 seconds.
Begin MonoManager ReloadAssembly
Native extension for WindowsStandalone target not found
Refreshing native plugins compatible for Editor in 0.29 ms, found 0 plugins.
Preloading 0 native plugins for Editor in 0.00 ms.
Invoked RoslynAnalysisRunner static constructor.
RoslynAnalysisRunner will not be running.
RoslynAnalysisRunner has terminated.
Mono: successfully reloaded assembly
- Completed reload, in  1.297 seconds
Platform modules already initialized, skipping
========================================================================
Worker process is ready to serve import requests
Launched and connected shader compiler UnityShaderCompiler.exe after 0.08 seconds
Refreshing native plugins compatible for Editor in 0.29 ms, found 0 plugins.
Preloading 0 native plugins for Editor in 0.00 ms.
Unloading 1116 Unused Serialized files (Serialized files now loaded: 0)
System memory in use before: 69.3 MB.
System memory in use after: 69.4 MB.

Unloading 9 unused Assets to reduce memory usage. Loaded Objects now: 1579.
Total: 12.227600 ms (FindLiveObjects: 3.935400 ms CreateObjectMapping: 2.628600 ms MarkObjects: 5.526800 ms  DeleteObjects: 0.132700 ms)

========================================================================
Received Import Request.
  path: Assets/New Material.mat
  artifactKey: Guid(d98b5f3715bb1174e8aeb04bf706febc) Importer(815301076,1909f56bfc062723c751e8b465ee728b)
Start importing Assets/New Material.mat using Guid(d98b5f3715bb1174e8aeb04bf706febc) Importer(815301076,1909f56bfc062723c751e8b465ee728b)  -> (artifact id: '49b5d055c1ec27dac23341281b3e41bd') in 0.257747 seconds
  Import took 0.263612 seconds .

========================================================================
Received Import Request.
  Time since last request: 0.000271 seconds.
  path: Assets/New Material 1.mat
  artifactKey: Guid(84dd2962b3ff09b408b5c55df40ac0f6) Importer(815301076,1909f56bfc062723c751e8b465ee728b)
Start importing Assets/New Material 1.mat using Guid(84dd2962b3ff09b408b5c55df40ac0f6) Importer(815301076,1909f56bfc062723c751e8b465ee728b)  -> (artifact id: 'cca5e350e32a47961d9a82f3b6b9a9f0') in 0.043067 seconds
  Import took 0.045988 seconds .

========================================================================
Received Import Request.
  Time since last request: 0.000216 seconds.
  path: Assets/New Material 2.mat
  artifactKey: Guid(16bcf93def53d4e409c1fc8cf56a7802) Importer(815301076,1909f56bfc062723c751e8b465ee728b)
Start importing Assets/New Material 2.mat using Guid(16bcf93def53d4e409c1fc8cf56a7802) Importer(815301076,1909f56bfc062723c751e8b465ee728b)  -> (artifact id: 'b63e83934ea7db35d07b1ec193a3f678') in 0.011577 seconds
  Import took 0.015703 seconds .

========================================================================
Received Import Request.
  Time since last request: 0.000061 seconds.
  path: Assets/New Material 1.mat
  artifactKey: Guid(84dd2962b3ff09b408b5c55df40ac0f6) Importer(815301076,1909f56bfc062723c751e8b465ee728b)
Start importing Assets/New Material 1.mat using Guid(84dd2962b3ff09b408b5c55df40ac0f6) Importer(815301076,1909f56bfc062723c751e8b465ee728b)  -> (artifact id: 'cca5e350e32a47961d9a82f3b6b9a9f0') in 0.024122 seconds
  Import took 0.027091 seconds .

========================================================================
Received Import Request.
  Time since last request: 0.000248 seconds.
  path: Assets/New Physic Material.physicMaterial
  artifactKey: Guid(bb971ba26375ca14ab3f73bc6ea3f781) Importer(815301076,1909f56bfc062723c751e8b465ee728b)
Start importing Assets/New Physic Material.physicMaterial using Guid(bb971ba26375ca14ab3f73bc6ea3f781) Importer(815301076,1909f56bfc062723c751e8b465ee728b)  -> (artifact id: '1b8c54d71b75ffc9b8be35c65637691a') in 0.012305 seconds
  Import took 0.015318 seconds .

========================================================================
Received Prepare
Registering precompiled user dll's ...
Registered in 0.000696 seconds.
Begin MonoManager ReloadAssembly
Native extension for WindowsStandalone target not found
Refreshing native plugins compatible for Editor in 0.26 ms, found 0 plugins.
Preloading 0 native plugins for Editor in 0.00 ms.
Invoked RoslynAnalysisRunner static constructor.
RoslynAnalysisRunner will not be running.
RoslynAnalysisRunner has terminated.
Mono: successfully reloaded assembly
- Completed reload, in  1.101 seconds
Platform modules already initialized, skipping
Refreshing native plugins compatible for Editor in 0.28 ms, found 0 plugins.
Preloading 0 native plugins for Editor in 0.00 ms.
Unloading 1112 Unused Serialized files (Serialized files now loaded: 0)
System memory in use before: 72.7 MB.
System memory in use after: 72.7 MB.

Unloading 5 unused Assets to reduce memory usage. Loaded Objects now: 1623.
Total: 2.145100 ms (FindLiveObjects: 0.151900 ms CreateObjectMapping: 0.052800 ms MarkObjects: 1.839900 ms  DeleteObjects: 0.099000 ms)

========================================================================
Received Import Request.
  Time since last request: 36.225544 seconds.
  path: Assets/Scripts/NewBehaviourScript.cs
  artifactKey: Guid(23a2ad11b6caa1b4aad00e6251cc3356) Importer(815301076,1909f56bfc062723c751e8b465ee728b)
Start importing Assets/Scripts/NewBehaviourScript.cs using Guid(23a2ad11b6caa1b4aad00e6251cc3356) Importer(815301076,1909f56bfc062723c751e8b465ee728b)  -> (artifact id: '2cd00daddce1e37b08603ba3b4deb3f4') in 0.023335 seconds
  Import took 0.048518 seconds .

========================================================================
Received Import Request.
  Time since last request: 4.010205 seconds.
  path: Assets/Scripts/End.cs
  artifactKey: Guid(23a2ad11b6caa1b4aad00e6251cc3356) Importer(815301076,1909f56bfc062723c751e8b465ee728b)
Start importing Assets/Scripts/End.cs using Guid(23a2ad11b6caa1b4aad00e6251cc3356) Importer(815301076,1909f56bfc062723c751e8b465ee728b)  -> (artifact id: '06a03e51b81c01990d94e08961dc345f') in 0.022554 seconds
  Import took 0.031009 seconds .

========================================================================
Received Prepare
Registering precompiled user dll's ...
Registered in 0.000691 seconds.
Begin MonoManager ReloadAssembly
Native extension for WindowsStandalone target not found
Refreshing native plugins compatible for Editor in 0.31 ms, found 0 plugins.
Preloading 0 native plugins for Editor in 0.00 ms.
Invoked RoslynAnalysisRunner static constructor.
RoslynAnalysisRunner will not be running.
RoslynAnalysisRunner has terminated.
Mono: successfully reloaded assembly
- Completed reload, in  1.035 seconds
Platform modules already initialized, skipping
Refreshing native plugins compatible for Editor in 0.32 ms, found 0 plugins.
Preloading 0 native plugins for Editor in 0.00 ms.
Unloading 1112 Unused Serialized files (Serialized files now loaded: 0)
System memory in use before: 72.7 MB.
System memory in use after: 72.8 MB.

Unloading 5 unused Assets to reduce memory usage. Loaded Objects now: 1626.
Total: 2.287800 ms (FindLiveObjects: 0.185000 ms CreateObjectMapping: 0.089900 ms MarkObjects: 1.904400 ms  DeleteObjects: 0.107000 ms)

========================================================================
Received Prepare
Registering precompiled user dll's ...
Registered in 0.000811 seconds.
Begin MonoManager ReloadAssembly
Native extension for WindowsStandalone target not found
Refreshing native plugins compatible for Editor in 0.27 ms, found 0 plugins.
Preloading 0 native plugins for Editor in 0.00 ms.
Invoked RoslynAnalysisRunner static constructor.
RoslynAnalysisRunner will not be running.
RoslynAnalysisRunner has terminated.
Mono: successfully reloaded assembly
- Completed reload, in  1.251 seconds
Platform modules already initialized, skipping
Refreshing native plugins compatible for Editor in 0.29 ms, found 0 plugins.
Preloading 0 native plugins for Editor in 0.00 ms.
Unloading 1112 Unused Serialized files (Serialized files now loaded: 0)
System memory in use before: 72.7 MB.
System memory in use after: 72.8 MB.

Unloading 5 unused Assets to reduce memory usage. Loaded Objects now: 1629.
Total: 2.002000 ms (FindLiveObjects: 0.165500 ms CreateObjectMapping: 0.054300 ms MarkObjects: 1.683500 ms  DeleteObjects: 0.096100 ms)

========================================================================
Received Import Request.
  Time since last request: 46.948388 seconds.
  path: Assets/Scripts/End.cs
  artifactKey: Guid(23a2ad11b6caa1b4aad00e6251cc3356) Importer(815301076,1909f56bfc062723c751e8b465ee728b)
Start importing Assets/Scripts/End.cs using Guid(23a2ad11b6caa1b4aad00e6251cc3356) Importer(815301076,1909f56bfc062723c751e8b465ee728b)  -> (artifact id: '6fc05aa3a66c5ef629a34702cab68ca4') in 0.005754 seconds
  Import took 0.027344 seconds .

